<?xml version="1.0" encoding="UTF-8"?>
<!-- Generated by org.testng.reporters.JUnitReportReporter -->
<testsuite hostname="DESKTOP-G4F1SD9" failures="0" tests="1" name="Giftcards.TC_DWS_007_Test" time="9.156" errors="0" timestamp="2025-06-28T10:12:22 IST" skipped="0">
  <testcase classname="Giftcards.TC_DWS_007_Test" name="clickonGiftcard" time="9.156"/>
</testsuite> <!-- Giftcards.TC_DWS_007_Test -->
