<?xml version="1.0" encoding="UTF-8"?>
<!-- Generated by org.testng.reporters.JUnitReportReporter -->
<testsuite hostname="DESKTOP-G4F1SD9" failures="0" tests="1" name="Computers.TC_DWS_002_Test" time="9.808" errors="0" timestamp="2025-06-28T12:13:25 IST" skipped="0">
  <testcase classname="Computers.TC_DWS_002_Test" name="clickoncomputers" time="9.808"/>
</testsuite> <!-- Computers.TC_DWS_002_Test -->
