<?xml version="1.0" encoding="UTF-8"?>
<!-- Generated by org.testng.reporters.JUnitReportReporter -->
<testsuite hostname="DESKTOP-G4F1SD9" failures="0" tests="1" name="DigitalDownloads.TC_DWS_005_Test" time="12.572" errors="0" timestamp="2025-06-27T22:01:59 IST" skipped="0">
  <testcase classname="DigitalDownloads.TC_DWS_005_Test" name="clickonDigitalDownloads" time="12.572"/>
</testsuite> <!-- DigitalDownloads.TC_DWS_005_Test -->
